This file contains any messages produced by compilers while
running configure, to aid debugging if configure makes a mistake.

configure:534: checking for gcc
configure:647: checking whether the C compiler (gcc -pthread -I../..//include -pipe -Wall -Wstrict-prototypes -Wmissing-prototypes -Wmissing-declarations -g3 -Wno-unused-result -O6 -DPOLLCOMPAT ) works
configure:663: gcc -o conftest -pthread -I../..//include -pipe -Wall -Wstrict-prototypes -Wmissing-prototypes -Wmissing-declarations -g3 -Wno-unused-result -O6 -DPOLLCOMPAT   conftest.c  1>&5
configure:660:1: warning: return type defaults to 'int' [-Wreturn-type]
 main(){return(0);}
 ^
configure:660:1: warning: function declaration isn't a prototype [-Wstrict-prototypes]
configure:689: checking whether the C compiler (gcc -pthread -I../..//include -pipe -Wall -Wstrict-prototypes -Wmissing-prototypes -Wmissing-declarations -g3 -Wno-unused-result -O6 -DPOLLCOMPAT ) is a cross-compiler
configure:694: checking whether we are using GNU C
configure:703: gcc -E conftest.c
configure:722: checking whether gcc accepts -g
configure:764: checking how to run the C preprocessor
configure:785: gcc -E  conftest.c >/dev/null 2>conftest.out
configure:848: checking for mawk
configure:904: checking host system type
configure:1001: checking for a BSD compatible install
configure:1056: checking for ranlib
configure:1086: checking for ar
configure:1120: checking for tgetent in -ltermcap
configure:1139: gcc -o conftest -pthread -I../..//include -pipe -Wall -Wstrict-prototypes -Wmissing-prototypes -Wmissing-declarations -g3 -Wno-unused-result -O6 -DPOLLCOMPAT   conftest.c -ltermcap   1>&5
configure:1132:1: warning: function declaration isn't a prototype [-Wstrict-prototypes]
 char tgetent();
 ^
configure:1134:5: warning: function declaration isn't a prototype [-Wstrict-prototypes]
 int main() {
     ^
configure:1317: checking for termcap.h
configure:1327: gcc -E  conftest.c >/dev/null 2>conftest.out
configure:1484: checking for sys/cdefs.h
configure:1494: gcc -E  conftest.c >/dev/null 2>conftest.out
configure:1484: checking for vis.h
configure:1494: gcc -E  conftest.c >/dev/null 2>conftest.out
configure:1490:17: fatal error: vis.h: No such file or directory
 #include <$ac_hdr>
                 ^
compilation terminated.
configure: failed program was:
#line 1489 "configure"
#include "confdefs.h"
#include <vis.h>
configure:1524: checking for issetugid
configure:1552: gcc -o conftest -pthread -I../..//include -pipe -Wall -Wstrict-prototypes -Wmissing-prototypes -Wmissing-declarations -g3 -Wno-unused-result -O6 -DPOLLCOMPAT   conftest.c -ltermcap  1>&5
configure:1536:1: warning: function declaration isn't a prototype [-Wstrict-prototypes]
 char $ac_func();
 ^
configure:1538:5: warning: function declaration isn't a prototype [-Wstrict-prototypes]
 int main() {
     ^
/tmp/ccdndofd.o: In function `main':
/usr/src/utils/astsrc/asterisk/main/editline/configure:1546: undefined reference to `issetugid'
collect2: error: ld returned 1 exit status
configure: failed program was:
#line 1529 "configure"
#include "confdefs.h"
/* System header to define __stub macros and hopefully few prototypes,
    which can conflict with char issetugid(); below.  */
#include <assert.h>
/* Override any gcc2 internal prototype to avoid an error.  */
/* We use char because int might match the return type of a gcc2
    builtin and then its argument prototype would still apply.  */
char issetugid();

int main() {

/* The GNU C library defines this for functions which it implements
    to always fail with ENOSYS.  Some functions are actually named
    something starting with __ and the normal name is an alias.  */
#if defined (__stub_issetugid) || defined (__stub___issetugid)
choke me
#else
issetugid();
#endif

; return 0; }
configure:1579: checking for strlcat
configure:1607: gcc -o conftest -pthread -I../..//include -pipe -Wall -Wstrict-prototypes -Wmissing-prototypes -Wmissing-declarations -g3 -Wno-unused-result -O6 -DPOLLCOMPAT   conftest.c -ltermcap  1>&5
configure:1591:1: warning: function declaration isn't a prototype [-Wstrict-prototypes]
 char $ac_func();
 ^
configure:1593:5: warning: function declaration isn't a prototype [-Wstrict-prototypes]
 int main() {
     ^
/tmp/cc083lsM.o: In function `main':
/usr/src/utils/astsrc/asterisk/main/editline/configure:1601: undefined reference to `strlcat'
collect2: error: ld returned 1 exit status
configure: failed program was:
#line 1584 "configure"
#include "confdefs.h"
/* System header to define __stub macros and hopefully few prototypes,
    which can conflict with char strlcat(); below.  */
#include <assert.h>
/* Override any gcc2 internal prototype to avoid an error.  */
/* We use char because int might match the return type of a gcc2
    builtin and then its argument prototype would still apply.  */
char strlcat();

int main() {

/* The GNU C library defines this for functions which it implements
    to always fail with ENOSYS.  Some functions are actually named
    something starting with __ and the normal name is an alias.  */
#if defined (__stub_strlcat) || defined (__stub___strlcat)
choke me
#else
strlcat();
#endif

; return 0; }
configure:1635: checking for strlcpy
configure:1663: gcc -o conftest -pthread -I../..//include -pipe -Wall -Wstrict-prototypes -Wmissing-prototypes -Wmissing-declarations -g3 -Wno-unused-result -O6 -DPOLLCOMPAT   conftest.c -ltermcap  1>&5
configure:1647:1: warning: function declaration isn't a prototype [-Wstrict-prototypes]
 char $ac_func();
 ^
configure:1649:5: warning: function declaration isn't a prototype [-Wstrict-prototypes]
 int main() {
     ^
/tmp/ccaau2Bg.o: In function `main':
/usr/src/utils/astsrc/asterisk/main/editline/configure:1657: undefined reference to `strlcpy'
collect2: error: ld returned 1 exit status
configure: failed program was:
#line 1640 "configure"
#include "confdefs.h"
/* System header to define __stub macros and hopefully few prototypes,
    which can conflict with char strlcpy(); below.  */
#include <assert.h>
/* Override any gcc2 internal prototype to avoid an error.  */
/* We use char because int might match the return type of a gcc2
    builtin and then its argument prototype would still apply.  */
char strlcpy();

int main() {

/* The GNU C library defines this for functions which it implements
    to always fail with ENOSYS.  Some functions are actually named
    something starting with __ and the normal name is an alias.  */
#if defined (__stub_strlcpy) || defined (__stub___strlcpy)
choke me
#else
strlcpy();
#endif

; return 0; }
configure:1691: checking for fgetln
configure:1719: gcc -o conftest -pthread -I../..//include -pipe -Wall -Wstrict-prototypes -Wmissing-prototypes -Wmissing-declarations -g3 -Wno-unused-result -O6 -DPOLLCOMPAT   conftest.c -ltermcap  1>&5
configure:1703:1: warning: function declaration isn't a prototype [-Wstrict-prototypes]
 char $ac_func();
 ^
configure:1705:5: warning: function declaration isn't a prototype [-Wstrict-prototypes]
 int main() {
     ^
/tmp/ccBL70BS.o: In function `main':
/usr/src/utils/astsrc/asterisk/main/editline/configure:1713: undefined reference to `fgetln'
collect2: error: ld returned 1 exit status
configure: failed program was:
#line 1696 "configure"
#include "confdefs.h"
/* System header to define __stub macros and hopefully few prototypes,
    which can conflict with char fgetln(); below.  */
#include <assert.h>
/* Override any gcc2 internal prototype to avoid an error.  */
/* We use char because int might match the return type of a gcc2
    builtin and then its argument prototype would still apply.  */
char fgetln();

int main() {

/* The GNU C library defines this for functions which it implements
    to always fail with ENOSYS.  Some functions are actually named
    something starting with __ and the normal name is an alias.  */
#if defined (__stub_fgetln) || defined (__stub___fgetln)
choke me
#else
fgetln();
#endif

; return 0; }
configure:1747: checking for strvis
configure:1775: gcc -o conftest -pthread -I../..//include -pipe -Wall -Wstrict-prototypes -Wmissing-prototypes -Wmissing-declarations -g3 -Wno-unused-result -O6 -DPOLLCOMPAT   conftest.c -ltermcap  1>&5
configure:1759:1: warning: function declaration isn't a prototype [-Wstrict-prototypes]
 char $ac_func();
 ^
configure:1761:5: warning: function declaration isn't a prototype [-Wstrict-prototypes]
 int main() {
     ^
/tmp/ccb1ESlj.o: In function `main':
/usr/src/utils/astsrc/asterisk/main/editline/configure:1769: undefined reference to `strvis'
collect2: error: ld returned 1 exit status
configure: failed program was:
#line 1752 "configure"
#include "confdefs.h"
/* System header to define __stub macros and hopefully few prototypes,
    which can conflict with char strvis(); below.  */
#include <assert.h>
/* Override any gcc2 internal prototype to avoid an error.  */
/* We use char because int might match the return type of a gcc2
    builtin and then its argument prototype would still apply.  */
char strvis();

int main() {

/* The GNU C library defines this for functions which it implements
    to always fail with ENOSYS.  Some functions are actually named
    something starting with __ and the normal name is an alias.  */
#if defined (__stub_strvis) || defined (__stub___strvis)
choke me
#else
strvis();
#endif

; return 0; }
configure:1803: checking for strunvis
configure:1831: gcc -o conftest -pthread -I../..//include -pipe -Wall -Wstrict-prototypes -Wmissing-prototypes -Wmissing-declarations -g3 -Wno-unused-result -O6 -DPOLLCOMPAT   conftest.c -ltermcap  1>&5
configure:1815:1: warning: function declaration isn't a prototype [-Wstrict-prototypes]
 char $ac_func();
 ^
configure:1817:5: warning: function declaration isn't a prototype [-Wstrict-prototypes]
 int main() {
     ^
/tmp/ccKhta8S.o: In function `main':
/usr/src/utils/astsrc/asterisk/main/editline/configure:1825: undefined reference to `strunvis'
collect2: error: ld returned 1 exit status
configure: failed program was:
#line 1808 "configure"
#include "confdefs.h"
/* System header to define __stub macros and hopefully few prototypes,
    which can conflict with char strunvis(); below.  */
#include <assert.h>
/* Override any gcc2 internal prototype to avoid an error.  */
/* We use char because int might match the return type of a gcc2
    builtin and then its argument prototype would still apply.  */
char strunvis();

int main() {

/* The GNU C library defines this for functions which it implements
    to always fail with ENOSYS.  Some functions are actually named
    something starting with __ and the normal name is an alias.  */
#if defined (__stub_strunvis) || defined (__stub___strunvis)
choke me
#else
strunvis();
#endif

; return 0; }
gcc: error: '-D__RCSID(x)=': No such file or directory
gcc: error: '-D__RCSID(x)=': No such file or directory
gcc: error: '-D__COPYRIGHT(x)=': No such file or directory
gcc: error: '-D__RCSID(x)=': No such file or directory
gcc: error: '-D__COPYRIGHT(x)=': No such file or directory
gcc: error: '-D__RENAME(x)=': No such file or directory
